[    0.000000] Initializing cgroup subsys cpuset
[    0.000000] Initializing cgroup subsys cpu
[    0.000000] Initializing cgroup subsys cpuacct
[    0.000000] Linux version 4.4.0-178-generic (buildd@lgw01-amd64-017) (gcc version 5.4.0 20160609 (Ubuntu 5.4.0-6ubuntu1~16.04.12) ) #208-Ubuntu SMP Sun Apr 5 23:45:10 UTC 2020 (Ubuntu 4.4.0-178.208-generic 4.4.217)
[    0.000000] Command line: BOOT_IMAGE=/boot/vmlinuz-4.4.0-178-generic root=LABEL=cloudimg-rootfs ro console=tty1 console=ttyS0
[    0.000000] KERNEL supported cpus:
[    0.000000]   Intel GenuineIntel
[    0.000000]   AMD AuthenticAMD
[    0.000000]   Centaur CentaurHauls
[    0.000000] x86/fpu: xstate_offset[2]:  576, xstate_sizes[2]:  256
[    0.000000] x86/fpu: Supporting XSAVE feature 0x01: 'x87 floating point registers'
[    0.000000] x86/fpu: Supporting XSAVE feature 0x02: 'SSE registers'
[    0.000000] x86/fpu: Supporting XSAVE feature 0x04: 'AVX registers'
[    0.000000] x86/fpu: Enabled xstate features 0x7, context size is 832 bytes, using 'standard' format.
[    0.000000] e820: BIOS-provided physical RAM map:
[    0.000000] BIOS-e820: [mem 0x0000000000000000-0x000000000009fbff] usable
[    0.000000] BIOS-e820: [mem 0x000000000009fc00-0x000000000009ffff] reserved
[    0.000000] BIOS-e820: [mem 0x00000000000f0000-0x00000000000fffff] reserved
[    0.000000] BIOS-e820: [mem 0x0000000000100000-0x000000003ffeffff] usable
[    0.000000] BIOS-e820: [mem 0x000000003fff0000-0x000000003fffffff] ACPI data
[    0.000000] BIOS-e820: [mem 0x00000000fec00000-0x00000000fec00fff] reserved
[    0.000000] BIOS-e820: [mem 0x00000000fee00000-0x00000000fee00fff] reserved
[    0.000000] BIOS-e820: [mem 0x00000000fffc0000-0x00000000ffffffff] reserved
[    0.000000] NX (Execute Disable) protection: active
[    0.000000] SMBIOS 2.5 present.
[    0.000000] Hypervisor detected: KVM
[    0.000000] e820: last_pfn = 0x3fff0 max_arch_pfn = 0x400000000
[    0.000000] MTRR: Disabled
[    0.000000] x86/PAT: MTRRs disabled, skipping PAT initialization too.
[    0.000000] CPU MTRRs all blank - virtualized system.
[    0.000000] x86/PAT: Configuration [0-7]: WB  WT  UC- UC  WB  WT  UC- UC  
[    0.000000] found SMP MP-table at [mem 0x0009fff0-0x0009ffff] mapped at [ffff88000009fff0]
[    0.000000] Scanning 1 areas for low memory corruption
[    0.000000] RAMDISK: [mem 0x362e0000-0x37167fff]
[    0.000000] ACPI: Early table checksum verification disabled
[    0.000000] ACPI: RSDP 0x00000000000E0000 000024 (v02 VBOX  )
[    0.000000] ACPI: XSDT 0x000000003FFF0030 00003C (v01 VBOX   VBOXXSDT 00000001 ASL  00000061)
[    0.000000] ACPI: FACP 0x000000003FFF00F0 0000F4 (v04 VBOX   VBOXFACP 00000001 ASL  00000061)
[    0.000000] ACPI: DSDT 0x000000003FFF0470 002325 (v02 VBOX   VBOXBIOS 00000002 INTL 20100528)
[    0.000000] ACPI: FACS 0x000000003FFF0200 000040
[    0.000000] ACPI: FACS 0x000000003FFF0200 000040
[    0.000000] ACPI: APIC 0x000000003FFF0240 00005C (v02 VBOX   VBOXAPIC 00000001 ASL  00000061)
[    0.000000] ACPI: SSDT 0x000000003FFF02A0 0001CC (v01 VBOX   VBOXCPUT 00000002 INTL 20100528)
[    0.000000] No NUMA configuration found
[    0.000000] Faking a node at [mem 0x0000000000000000-0x000000003ffeffff]
[    0.000000] NODE_DATA(0) allocated [mem 0x3ffeb000-0x3ffeffff]
[    0.000000] kvm-clock: Using msrs 4b564d01 and 4b564d00
[    0.000000] kvm-clock: cpu 0, msr 0:3ffe3001, primary cpu clock
[    0.000000] kvm-clock: using sched offset of 4001012740 cycles
[    0.000000] clocksource: kvm-clock: mask: 0xffffffffffffffff max_cycles: 0x1cd42e4dffb, max_idle_ns: 881590591483 ns
[    0.000000] Zone ranges:
[    0.000000]   DMA      [mem 0x0000000000001000-0x0000000000ffffff]
[    0.000000]   DMA32    [mem 0x0000000001000000-0x000000003ffeffff]
[    0.000000]   Normal   empty
[    0.000000]   Device   empty
[    0.000000] Movable zone start for each node
[    0.000000] Early memory node ranges
[    0.000000]   node   0: [mem 0x0000000000001000-0x000000000009efff]
[    0.000000]   node   0: [mem 0x0000000000100000-0x000000003ffeffff]
[    0.000000] Initmem setup node 0 [mem 0x0000000000001000-0x000000003ffeffff]
[    0.000000] ACPI: PM-Timer IO Port: 0x4008
[    0.000000] IOAPIC[0]: apic_id 2, version 32, address 0xfec00000, GSI 0-23
[    0.000000] ACPI: INT_SRC_OVR (bus 0 bus_irq 0 global_irq 2 dfl dfl)
[    0.000000] ACPI: INT_SRC_OVR (bus 0 bus_irq 9 global_irq 9 low level)
[    0.000000] Using ACPI (MADT) for SMP configuration information
[    0.000000] smpboot: Allowing 2 CPUs, 0 hotplug CPUs
[    0.000000] PM: Registered nosave memory: [mem 0x00000000-0x00000fff]
[    0.000000] PM: Registered nosave memory: [mem 0x0009f000-0x0009ffff]
[    0.000000] PM: Registered nosave memory: [mem 0x000a0000-0x000effff]
[    0.000000] PM: Registered nosave memory: [mem 0x000f0000-0x000fffff]
[    0.000000] e820: [mem 0x40000000-0xfebfffff] available for PCI devices
[    0.000000] Booting paravirtualized kernel on KVM
[    0.000000] clocksource: refined-jiffies: mask: 0xffffffff max_cycles: 0xffffffff, max_idle_ns: 7645519600211568 ns
[    0.000000] setup_percpu: NR_CPUS:512 nr_cpumask_bits:512 nr_cpu_ids:2 nr_node_ids:1
[    0.000000] PERCPU: Embedded 33 pages/cpu @ffff88003fc00000 s95448 r8192 d31528 u1048576
[    0.000000] Built 1 zonelists in Node order, mobility grouping on.  Total pages: 257912
[    0.000000] Policy zone: DMA32
[    0.000000] Kernel command line: BOOT_IMAGE=/boot/vmlinuz-4.4.0-178-generic root=LABEL=cloudimg-rootfs ro console=tty1 console=ttyS0
[    0.000000] PID hash table entries: 4096 (order: 3, 32768 bytes)
[    0.000000] Memory: 997672K/1048120K available (8626K kernel code, 1336K rwdata, 4036K rodata, 1488K init, 1292K bss, 50448K reserved, 0K cma-reserved)
[    0.000000] SLUB: HWalign=64, Order=0-3, MinObjects=0, CPUs=2, Nodes=1
[    0.000000] Kernel/User page tables isolation: enabled
[    0.000000] Hierarchical RCU implementation.
[    0.000000] 	Build-time adjustment of leaf fanout to 64.
[    0.000000] 	RCU restricting CPUs from NR_CPUS=512 to nr_cpu_ids=2.
[    0.000000] RCU: Adjusting geometry for rcu_fanout_leaf=64, nr_cpu_ids=2
[    0.000000] NR_IRQS:33024 nr_irqs:440 16
[    0.000000] Console: colour VGA+ 80x25
[    0.000000] console [tty1] enabled
[    0.000000] console [ttyS0] enabled
[    0.000000] tsc: Detected 2399.998 MHz processor
[    0.199236] Calibrating delay loop (skipped) preset value.. 4799.99 BogoMIPS (lpj=9599992)
[    0.201172] pid_max: default: 32768 minimum: 301
[    0.202399] ACPI: Core revision 20150930
[    0.204409] ACPI: 2 ACPI AML tables successfully acquired and loaded
[    0.206212] Security Framework initialized
[    0.207459] Yama: becoming mindful.
[    0.208383] AppArmor: AppArmor initialized
[    0.209476] Dentry cache hash table entries: 131072 (order: 8, 1048576 bytes)
[    0.224676] Inode-cache hash table entries: 65536 (order: 7, 524288 bytes)
[    0.226495] Mount-cache hash table entries: 2048 (order: 2, 16384 bytes)
[    0.228370] Mountpoint-cache hash table entries: 2048 (order: 2, 16384 bytes)
[    0.230127] Initializing cgroup subsys io
[    0.231108] Initializing cgroup subsys memory
[    0.232138] Initializing cgroup subsys devices
[    0.233096] Initializing cgroup subsys freezer
[    0.234205] Initializing cgroup subsys net_cls
[    0.235277] Initializing cgroup subsys perf_event
[    0.236386] Initializing cgroup subsys net_prio
[    0.237415] Initializing cgroup subsys hugetlb
[    0.238516] Initializing cgroup subsys pids
[    0.240920] mce: CPU supports 0 MCE banks
[    0.242020] Last level iTLB entries: 4KB 64, 2MB 8, 4MB 8
[    0.243354] Last level dTLB entries: 4KB 64, 2MB 0, 4MB 0, 1GB 4
[    0.244798] Spectre V1 : Mitigation: usercopy/swapgs barriers and __user pointer sanitization
[    0.246953] Spectre V2 : Mitigation: Full generic retpoline
[    0.248204] Spectre V2 : Spectre v2 / SpectreRSB mitigation: Filling RSB on context switch
[    0.250180] Speculative Store Bypass: Vulnerable
[    0.251416] MDS: Vulnerable: Clear CPU buffers attempted, no microcode
[    0.256027] Freeing SMP alternatives memory: 36K
[    0.264201] ftrace: allocating 32308 entries in 127 pages
[    0.343532] smpboot: APIC(0) Converting physical 0 to logical package 0
[    0.345197] smpboot: Max logical packages: 1
[    0.346550] x2apic enabled
[    0.347538] Switched APIC routing to physical x2apic.
[    0.349881] ..TIMER: vector=0x30 apic1=0 pin1=2 apic2=-1 pin2=-1
[    0.459640] smpboot: CPU0: Intel(R) Core(TM) i5-6200U CPU @ 2.30GHz (family: 0x6, model: 0x4e, stepping: 0x3)
[    0.462697] Performance Events: unsupported p6 CPU model 78 no PMU driver, software events only.
[    0.475374] KVM setup paravirtual spinlock
[    0.477305] x86: Booting SMP configuration:
[    0.478403] .... node  #0, CPUs:      #1
[    0.479686] kvm-clock: cpu 1, msr 0:3ffe3041, secondary cpu clock
[    0.481810] mce: CPU supports 0 MCE banks
[    0.484409] x86: Booted up 1 node, 2 CPUs
[    0.485755] smpboot: Total of 2 processors activated (9599.99 BogoMIPS)
[    0.487837] devtmpfs: initialized
[    0.491051] evm: security.selinux
[    0.492059] evm: security.SMACK64
[    0.493080] evm: security.SMACK64EXEC
[    0.494088] evm: security.SMACK64TRANSMUTE
[    0.495123] evm: security.SMACK64MMAP
[    0.496213] evm: security.ima
[    0.497081] evm: security.capability
[    0.498464] clocksource: jiffies: mask: 0xffffffff max_cycles: 0xffffffff, max_idle_ns: 7645041785100000 ns
[    0.501155] futex hash table entries: 512 (order: 3, 32768 bytes)
[    0.502838] pinctrl core: initialized pinctrl subsystem
[    0.504326] RTC time:  7:17:57, date: 05/05/20
[    0.505811] NET: Registered protocol family 16
[    0.515769] cpuidle: using governor ladder
[    0.528454] cpuidle: using governor menu
[    0.529535] PCCT header not found.
[    0.530687] ACPI: bus type PCI registered
[    0.532134] acpiphp: ACPI Hot Plug PCI Controller Driver version: 0.5
[    0.533844] PCI: Using configuration type 1 for base access
[    0.549447] ACPI: Added _OSI(Module Device)
[    0.550495] ACPI: Added _OSI(Processor Device)
[    0.551552] ACPI: Added _OSI(3.0 _SCP Extensions)
[    0.553049] ACPI: Added _OSI(Processor Aggregator Device)
[    0.555024] ACPI: Executed 1 blocks of module-level executable AML code
[    0.558601] ACPI: Interpreter enabled
[    0.559782] ACPI: (supports S0 S5)
[    0.560831] ACPI: Using IOAPIC for interrupt routing
[    0.562336] PCI: Using host bridge windows from ACPI; if necessary, use "pci=nocrs" and report a bug
[    0.568338] ACPI: PCI Root Bridge [PCI0] (domain 0000 [bus 00-ff])
[    0.569990] acpi PNP0A03:00: _OSC: OS supports [ASPM ClockPM Segments MSI]
[    0.572032] acpi PNP0A03:00: _OSC: not requesting OS control; OS requires [ExtendedConfig ASPM ClockPM MSI]
[    0.574629] acpi PNP0A03:00: fail to add MMCONFIG information, can't access extended PCI configuration space under this bridge.
[    0.577928] PCI host bridge to bus 0000:00
[    0.579003] pci_bus 0000:00: root bus resource [io  0x0000-0x0cf7 window]
[    0.580678] pci_bus 0000:00: root bus resource [io  0x0d00-0xffff window]
[    0.582571] pci_bus 0000:00: root bus resource [mem 0x000a0000-0x000bffff window]
[    0.584726] pci_bus 0000:00: root bus resource [mem 0x40000000-0xfdffffff window]
[    0.586707] pci_bus 0000:00: root bus resource [bus 00-ff]
[    0.589773] pci 0000:00:01.1: legacy IDE quirk: reg 0x10: [io  0x01f0-0x01f7]
[    0.591505] pci 0000:00:01.1: legacy IDE quirk: reg 0x14: [io  0x03f6]
[    0.593257] pci 0000:00:01.1: legacy IDE quirk: reg 0x18: [io  0x0170-0x0177]
[    0.595079] pci 0000:00:01.1: legacy IDE quirk: reg 0x1c: [io  0x0376]
[    0.623477] pci 0000:00:07.0: quirk: [io  0x4000-0x403f] claimed by PIIX4 ACPI
[    0.625487] pci 0000:00:07.0: quirk: [io  0x4100-0x410f] claimed by PIIX4 SMB
[    0.633041] ACPI: PCI Interrupt Link [LNKA] (IRQs 5 9 10 *11)
[    0.635461] ACPI: PCI Interrupt Link [LNKB] (IRQs 5 9 *10 11)
[    0.637608] ACPI: PCI Interrupt Link [LNKC] (IRQs 5 *9 10 11)
[    0.639806] ACPI: PCI Interrupt Link [LNKD] (IRQs 5 9 10 *11)
[    0.641855] ACPI: Enabled 2 GPEs in block 00 to 07
[    0.643599] vgaarb: setting as boot device: PCI:0000:00:02.0
[    0.644810] vgaarb: device added: PCI:0000:00:02.0,decodes=io+mem,owns=io+mem,locks=none
[    0.647094] vgaarb: loaded
[    0.647903] vgaarb: bridge control possible 0000:00:02.0
[    0.649520] SCSI subsystem initialized
[    0.650730] ACPI: bus type USB registered
[    0.651835] usbcore: registered new interface driver usbfs
[    0.653229] usbcore: registered new interface driver hub
[    0.654497] usbcore: registered new device driver usb
[    0.656127] PCI: Using ACPI for IRQ routing
[    0.668699] NetLabel: Initializing
[    0.669633] NetLabel:  domain hash size = 128
[    0.670751] NetLabel:  protocols = UNLABELED CIPSOv4
[    0.672009] NetLabel:  unlabeled traffic allowed by default
[    0.673416] amd_nb: Cannot enumerate AMD northbridges
[    0.674627] clocksource: Switched to clocksource kvm-clock
[    0.707766] AppArmor: AppArmor Filesystem Enabled
[    0.708933] pnp: PnP ACPI init
[    0.710560] pnp: PnP ACPI: found 3 devices
[    0.722469] clocksource: acpi_pm: mask: 0xffffff max_cycles: 0xffffff, max_idle_ns: 2085701024 ns
[    0.725073] NET: Registered protocol family 2
[    0.726453] TCP established hash table entries: 8192 (order: 4, 65536 bytes)
[    0.728170] TCP bind hash table entries: 8192 (order: 5, 131072 bytes)
[    0.729819] TCP: Hash tables configured (established 8192 bind 8192)
[    0.731497] UDP hash table entries: 512 (order: 2, 16384 bytes)
[    0.732918] UDP-Lite hash table entries: 512 (order: 2, 16384 bytes)
[    0.734641] NET: Registered protocol family 1
[    0.735947] pci 0000:00:00.0: Limiting direct PCI/PCI transfers
[    0.737479] pci 0000:00:01.0: Activating ISA DMA hang workarounds
[    0.739257] Unpacking initramfs...
[  1.337985] Freeing initrd memory: 14880K
[    1.401792] clocksource: tsc: mask: 0xffffffffffffffff max_cycles: 0x229835b7123, max_idle_ns: 440795242976 ns
[    1.404363] platform rtc_cmos: registered platform RTC device (no PNP device found)
[    1.406356] Scanning for low memory corruption every 60 seconds
[    1.408876] audit: initializing netlink subsys (disabled)
[    1.410192] audit: type=2000 audit(1588663084.187:1): initialized
[    1.412032] Initialise system trusted keyring
[    1.413579] HugeTLB registered 2 MB page size, pre-allocated 0 pages
[    1.416649] zbud: loaded
[    1.417987] VFS: Disk quotas dquot_6.6.0
[    1.419083] VFS: Dquot-cache hash table entries: 512 (order 0, 4096 bytes)
[    1.421030] squashfs: version 4.0 (2009/01/31) Phillip Lougher
[    1.423103] fuse init (API version 7.23)
[    1.424446] Key type big_key registered
[    1.425552] Allocating IMA MOK and blacklist keyrings.
[    1.430166] Key type asymmetric registered
[    1.431159] Asymmetric key parser 'x509' registered
[    1.432318] Block layer SCSI generic (bsg) driver version 0.4 loaded (major 249)
[    1.434206] io scheduler noop registered
[    1.435129] io scheduler deadline registered (default)
[    1.436366] io scheduler cfq registered
[    1.437453] pci_hotplug: PCI Hot Plug PCI Core version: 0.5
[    1.438733] pciehp: PCI Express Hot Plug Controller Driver version: 0.4
[    1.440299] ACPI: AC Adapter [AC] (on-line)
[    1.441427] input: Power Button as /devices/LNXSYSTM:00/LNXPWRBN:00/input/input0
[    1.443356] ACPI: Power Button [PWRF]
[    1.444583] input: Sleep Button as /devices/LNXSYSTM:00/LNXSLPBN:00/input/input1
[    1.446296] ACPI: Sleep Button [SLPF]
[    1.447624] GHES: HEST is not enabled!
[    1.448387] ACPI: Battery Slot [BAT0] (battery present)
[    1.450113] Serial: 8250/16550 driver, 32 ports, IRQ sharing enabled
[    1.472354] 00:02: ttyS0 at I/O 0x3f8 (irq = 4, base_baud = 115200) is a 16550A
[    1.479495] Linux agpgart interface v0.103
[    1.482491] loop: module loaded
[    1.483988] scsi host0: ata_piix
[    1.484913] scsi host1: ata_piix
[    1.485755] ata1: PATA max UDMA/33 cmd 0x1f0 ctl 0x3f6 bmdma 0xd000 irq 14
[    1.487345] ata2: PATA max UDMA/33 cmd 0x170 ctl 0x376 bmdma 0xd008 irq 15
[    1.488862] libphy: Fixed MDIO Bus: probed
[    1.489858] tun: Universal TUN/TAP device driver, 1.6
[    1.491072] tun: (C) 1999-2004 Max Krasnyansky <maxk@qualcomm.com>
[    1.492569] PPP generic driver version 2.4.2
[    1.493633] ehci_hcd: USB 2.0 'Enhanced' Host Controller (EHCI) Driver
[    1.495239] ehci-pci: EHCI PCI platform driver
[    1.496229] ehci-platform: EHCI generic platform driver
[    1.497480] ohci_hcd: USB 1.1 'Open' Host Controller (OHCI) Driver
[    1.498933] ohci-pci: OHCI PCI platform driver
[    1.500040] ohci-platform: OHCI generic platform driver
[    1.501238] uhci_hcd: USB Universal Host Controller Interface driver
[    1.502710] i8042: PNP: PS/2 Controller [PNP0303:PS2K,PNP0f03:PS2M] at 0x60,0x64 irq 1,12
[    1.505099] serio: i8042 KBD port at 0x60,0x64 irq 1
[    1.506256] serio: i8042 AUX port at 0x60,0x64 irq 12
[    1.507667] mousedev: PS/2 mouse device common for all mice
[    1.509398] input: AT Translated Set 2 keyboard as /devices/platform/i8042/serio0/input/input2
[    1.512081] rtc_cmos rtc_cmos: rtc core: registered rtc_cmos as rtc0
[    1.513807] rtc_cmos rtc_cmos: alarms up to one day, 114 bytes nvram
[    1.515638] i2c /dev entries driver
[    1.516718] device-mapper: uevent: version 1.0.3
[    1.518069] device-mapper: ioctl: 4.34.0-ioctl (2015-10-28) initialised: dm-devel@redhat.com
[    1.520632] ledtrig-cpu: registered to indicate activity on CPUs
[    1.522670] NET: Registered protocol family 10
[    1.524127] NET: Registered protocol family 17
[    1.525341] Key type dns_resolver registered
[    1.527133] registered taskstats version 1
[    1.528326] Loading compiled-in X.509 certificates
[    1.530149] Loaded X.509 cert 'Build time autogenerated kernel key: f33c437cc9123d9712070bdfe932b55b24c56047'
[    1.532453] zswap: loaded using pool lzo/zbud
[    1.535527] Key type trusted registered
[    1.539810] Key type encrypted registered
[    1.540783] AppArmor: AppArmor sha1 policy hashing enabled
[    1.541920] ima: No TPM chip found, activating TPM-bypass!
[    1.543081] ima: Allocated hash algorithm: sha1
[    1.544163] evm: HMAC attrs: 0x1
[    1.545355]   Magic number: 4:827:267
[    1.546341] rtc_cmos rtc_cmos: setting system clock to 2020-05-05 07:17:58 UTC (1588663078)
[    1.548304] BIOS EDD facility v0.16 2004-Jun-25, 0 devices found
[    1.549529] EDD information not available.
[    1.667583] Freeing unused kernel memory: 1488K
[    1.668641] Write protecting the kernel read-only data: 14336k
[    1.670793] Freeing unused kernel memory: 1604K
[    1.672284] Freeing unused kernel memory: 60K
Loading, please wait...
starting version 229
[    1.688137] random: systemd-udevd: uninitialized urandom read (16 bytes read, 3 bits of entropy available)
[    1.688792] random: udevadm: uninitialized urandom read (16 bytes read, 3 bits of entropy available)
[    1.688816] random: udevadm: uninitialized urandom read (16 bytes read, 3 bits of entropy available)
[    1.695135] random: systemd-udevd: uninitialized urandom read (16 bytes read, 3 bits of entropy available)
[    1.697244] random: systemd-udevd: uninitialized urandom read (16 bytes read, 3 bits of entropy available)
[    1.697248] random: udevadm: uninitialized urandom read (16 bytes read, 3 bits of entropy available)
[    1.697289] random: udevadm: uninitialized urandom read (16 bytes read, 3 bits of entropy available)
[    1.697448] random: udevadm: uninitialized urandom read (16 bytes read, 3 bits of entropy available)
[    1.697497] random: udevadm: uninitialized urandom read (16 bytes read, 3 bits of entropy available)
[    1.697542] random: udevadm: uninitialized urandom read (16 bytes read, 3 bits of entropy available)
[    1.744332] e1000: Intel(R) PRO/1000 Network Driver - version 7.3.21-k8-NAPI
[    1.745814] e1000: Copyright (c) 1999-2006 Intel Corporation.
[    1.747281] Fusion MPT base driver 3.04.20
[    1.748297] Copyright (c) 1999-2008 LSI Corporation
[    1.753540] Fusion MPT SPI Host driver 3.04.20
[    1.771131] AVX2 version of gcm_enc/dec engaged.
[    1.773191] AES CTR mode by8 optimization enabled
[    1.958779] input: ImExPS/2 Generic Explorer Mouse as /devices/platform/i8042/serio1/input/input4
[    2.123728] e1000 0000:00:03.0 eth0: (PCI:33MHz:32-bit) 02:89:d0:e0:cd:77
[    2.125253] e1000 0000:00:03.0 eth0: Intel(R) PRO/1000 Network Connection
[    2.127806] mptbase: ioc0: Initiating bringup
[    2.129859] e1000 0000:00:03.0 enp0s3: renamed from eth0
[    2.195958] ioc0: LSI53C1030 A0: Capabilities={Initiator}
[    2.362386] scsi host2: ioc0: LSI53C1030 A0, FwRev=00000000h, Ports=1, MaxQ=256, IRQ=20
[    2.479848] scsi 2:0:0:0: Direct-Access     VBOX     HARDDISK         1.0  PQ: 0 ANSI: 5
[    2.482236] scsi target2:0:0: Beginning Domain Validation
[    2.487108] scsi target2:0:0: Domain Validation skipping write tests
[    2.488731] scsi target2:0:0: Ending Domain Validation
[    2.490408] scsi target2:0:0: asynchronous
[    2.492800] scsi 2:0:1:0: Direct-Access     VBOX     HARDDISK         1.0  PQ: 0 ANSI: 5
[    2.495203] scsi target2:0:1: Beginning Domain Validation
[    2.499834] scsi target2:0:1: Domain Validation skipping write tests
[    2.501312] scsi target2:0:1: Ending Domain Validation
[    2.502638] scsi target2:0:1: asynchronous
[    2.526247] sd 2:0:0:0: Attached scsi generic sg0 type 0
[    2.527747] sd 2:0:0:0: [sda] 20971520 512-byte logical blocks: (10.7 GB/10.0 GiB)
[    2.530331] sd 2:0:1:0: Attached scsi generic sg1 type 0
[    2.531871] sd 2:0:0:0: [sda] Write Protect is off
[    2.533210] sd 2:0:1:0: [sdb] 20480 512-byte logical blocks: (10.5 MB/10.0 MiB)
[    2.535750] sd 2:0:0:0: [sda] Incomplete mode parameter data
[    2.537206] sd 2:0:0:0: [sda] Assuming drive cache: write through
[    2.538933] sd 2:0:1:0: [sdb] Write Protect is off
[    2.540550] sd 2:0:1:0: [sdb] Incomplete mode parameter data
[    2.542057] sd 2:0:1:0: [sdb] Assuming drive cache: write through
[    2.645993]  sda: sda1
[    2.650230] sd 2:0:0:0: [sda] Attached SCSI disk
[    2.666232] sd 2:0:1:0: [sdb] Attached SCSI disk
Begin: Loading essential drivers ... [    4.095370] md: linear personality registered for level -1
[    4.099216] md: multipath personality registered for level -4
[    4.102872] md: raid0 personality registered for level 0
[    4.107808] md: raid1 personality registered for level 1
[    4.178826] raid6: sse2x1   gen()  8916 MB/s
[    4.246667] raid6: sse2x1   xor()  6753 MB/s
[    4.314693] raid6: sse2x2   gen() 11082 MB/s
[    4.383022] raid6: sse2x2   xor()  7165 MB/s
[    4.450668] raid6: sse2x4   gen() 10466 MB/s
[    4.519446] raid6: sse2x4   xor()  8152 MB/s
[    4.587138] raid6: avx2x1   gen() 17250 MB/s
[    4.654851] raid6: avx2x2   gen() 20107 MB/s
[    4.723034] raid6: avx2x4   gen() 22813 MB/s
[    4.724175] raid6: using algorithm avx2x4 gen() 22813 MB/s
[    4.725617] raid6: using avx2x2 recovery algorithm
[    4.728518] xor: automatically using best checksumming function:
[    4.767205]    avx       : 19239.000 MB/sec
[    4.770164] async_tx: api initialized (async)
[    4.783055] md: raid6 personality registered for level 6
[    4.784277] md: raid5 personality registered for level 5
[    4.785592] md: raid4 personality registered for level 4
[    4.793674] md: raid10 personality registered for level 10
done.
Begin: Running /scripts/init-premount ... done.
Begin: Mounting root file system ... Begin: Running /scripts/local-top ... done.
Begin: Running /scripts/local-premount ... [    4.826104] Btrfs loaded
Scanning for Btrfs filesystems
done.
Warning: fsck not present, so skipping root file system
[    4.865459] EXT4-fs (sda1): INFO: recovery required on readonly filesystem
[    4.867326] EXT4-fs (sda1): write access will be enabled during recovery
[    5.072948] EXT4-fs (sda1): orphan cleanup on readonly fs
[    5.074424] EXT4-fs (sda1): 1 orphan inode deleted
[    5.075755] EXT4-fs (sda1): recovery complete
[    5.082236] EXT4-fs (sda1): mounted filesystem with ordered data mode. Opts: (null)
done.
Begin: Running /scripts/local-bottom ... done.
Begin: Running /scripts/init-bottom ... done.
[    6.034897] random: nonblocking pool is initialized
[    6.433693] systemd[1]: systemd 229 running in system mode. (+PAM +AUDIT +SELINUX +IMA +APPARMOR +SMACK +SYSVINIT +UTMP +LIBCRYPTSETUP +GCRYPT +GNUTLS +ACL +XZ -LZ4 +SECCOMP +BLKID +ELFUTILS +KMOD -IDN)
[    6.455772] systemd[1]: Detected virtualization oracle.
[    6.462291] systemd[1]: Detected architecture x86-64.

Welcome to [1mUbuntu 16.04.6 LTS[0m!

[    6.853427] systemd[1]: Set hostname to <ubuntu-xenial>.
[    7.838136] systemd[1]: Listening on LVM2 metadata daemon socket.
[[0;32m  OK  [0m] Listening on LVM2 metadata daemon socket.
[    7.840553] systemd[1]: Started Forward Password Requests to Wall Directory Watch.
[[0;32m  OK  [0m] Started Forward Password Requests to Wall Directory Watch.
[    7.843667] systemd[1]: Reached target Swap.
[[0;32m  OK  [0m] Reached target Swap.
[    7.845677] systemd[1]: Listening on Journal Socket.
[[0;32m  OK  [0m] Listening on Journal Socket.
[    7.847872] systemd[1]: Listening on Journal Socket (/dev/log).
[[0;32m  OK  [0m] Listening on Journal Socket (/dev/log).
[    7.850413] systemd[1]: Reached target Encrypted Volumes.
[[0;32m  OK  [0m] Reached target Encrypted Volumes.
[    7.852649] systemd[1]: Created slice User and Session Slice.
[[0;32m  OK  [0m] Created slice User and Session Slice.
[    7.854721] systemd[1]: Listening on Journal Audit Socket.
[[0;32m  OK  [0m] Listening on Journal Audit Socket.
[    7.856629] systemd[1]: Reached target System Time Synchronized.
[[0;32m  OK  [0m] Reached target System Time Synchronized.
[    7.858796] systemd[1]: Listening on udev Control Socket.
[[0;32m  OK  [0m] Listening on udev Control Socket.
[    7.860918] systemd[1]: Started Trigger resolvconf update for networkd DNS.
[[0;32m  OK  [0m] Started Trigger resolvconf update for networkd DNS.
[    7.863095] systemd[1]: Listening on udev Kernel Socket.
[[0;32m  OK  [0m] Listening on udev Kernel Socket.
[    7.864995] systemd[1]: Listening on LVM2 poll daemon socket.
[[0;32m  OK  [0m] Listening on LVM2 poll daemon socket.
[    7.867581] systemd[1]: Listening on /dev/initctl Compatibility Named Pipe.
[[0;32m  OK  [0m] Listening on /dev/initctl Compatibility Named Pipe.
[    7.870317] systemd[1]: Listening on Device-mapper event daemon FIFOs.
[[0;32m  OK  [0m] Listening on Device-mapper event daemon FIFOs.
[    7.873347] systemd[1]: Created slice System Slice.
[[0;32m  OK  [0m] Created slice System Slice.
[    7.883551] systemd[1]: Reached target Slices.
[[0;32m  OK  [0m] Reached target Slices.
[    7.895508] systemd[1]: Starting Uncomplicated firewall...
         Starting Uncomplicated firewall...
[    7.904815] systemd[1]: Mounting Huge Pages File System...
         Mounting Huge Pages File System...
[    7.910642] systemd[1]: Starting Set console keymap...
         Starting Set console keymap...
[    7.935727] systemd[1]: Starting Load Kernel Modules...
         Starting Load Kernel Modules...
[    7.979706] systemd[1]: Mounting POSIX Message Queue File System...
         Mounting POSIX Message Queue File System...
[    7.983479] systemd[1]: Starting Remount Root and Kernel File Systems...
         Starting Remount Root and Kernel File Systems...
[    7.992206] systemd[1]: Mounting Debug File System...
         Mounting Debug File System...
[    7.995406] systemd[1]: Starting Nameserver information manager...
         Starting Nameserver information manager...
[    7.998084] systemd[1]: Reached target User and Group Name Lookups.
[[0;32m  OK  [0m] Reached target User and Group Name Lookups.
[    8.001793] systemd[1]: Starting Create list of required static device nodes for the current kernel...
         Starting Create list of required st... nodes for the current kernel...
[    8.006915] systemd[1]: Starting Monitoring of LVM2 mirrors, snapshots etc. using dmeventd or progress polling...
         Starting Monitoring of LVM2 mirrors... dmeventd or progress polling...
[    8.011550] systemd[1]: Created slice system-serial\x2dgetty.slice.
[[0;32m  OK  [0m] Created slice system-serial\x2dgetty.slice.
[    8.014332] systemd[1]: Listening on Syslog Socket.
[[0;32m  OK  [0m] Listening on Syslog Socket.
[    8.024569] systemd[1]: Starting Journal Service...
         Starting Journal Service...
[    8.027223] systemd[1]: Set up automount Arbitrary Executable File Formats File System Automount Point.
[[0;32m  OK  [0m] Set up automount Arbitrary Executab...ats File System Automount Point.
[    8.723037] systemd[1]: Started Uncomplicated firewall.
[[0;32m  OK  [0m] Started Uncomplicated firewall.
[    8.749628] systemd[1]: Started Create list of required static device nodes for the current kernel.
[[0;32m  OK  [0m] Started Create list of required sta...ce nodes for the current kernel.
[    8.819044] systemd[1]: Starting Create Static Device Nodes in /dev...
         Starting Create Static Device Nodes in /dev...
[    8.905837] Loading iSCSI transport class v2.0-870.
[    8.944572] systemd[1]: Started Journal Service.
[[0;32m  OK  [0m] Started Journal Service.
[[0;32m  OK  [0m] Mounted Huge Pages File System.
[[0;32m  OK  [0m] Mounted Debug File System.
[[0;32m  OK  [[    8.950199] EXT4-fs (sda1): re-mounted. Opts: (null)
0m] Mounted POSIX Message Queue File System.
[    8.962982] iscsi: registered transport (tcp)
[[0;32m  OK  [0m] Started Remount Root and Kernel File Systems.
         Starting udev Coldplug all Devices...
         Starting Load/Save Random Seed...
         Starting Flush Journal to Persistent Storage...
[[0;32m  OK  [0m] Started Set console keymap.
[[0;32m  OK  [0m] Started Nameserver information manager.
[[0;32m  OK  [0m] Started LVM2 metadata daemon.
[[0;32m  OK  [0m] Started Load/Save Random Seed.
[[0;32m  OK  [0m] Started Create Static Device Nodes in /dev.
         Starting udev Kernel Device Manager...
[    9.161588] iscsi: registered transport (iser)
[[0;32m  OK  [0m] Started Load Kernel Modules.
         Starting Apply Kernel Variables...
         Mounting FUSE Control File System...
[[0;32m  OK  [0m] Mounted FUSE Control File System.
[[0;32m  OK  [0m] Started udev Coldplug all Devices.
[    9.191391] systemd-journald[391]: Received request to flush runtime journal from PID 1
[[0;32m  OK  [0m] Started Flush Journal to Persistent Storage.
[[0;32m  OK  [0m] Started Apply Kernel Variables.
[[0;32m  OK  [0m] Started Monitoring of LVM2 mirrors,...ng dmeventd or progress polling.
[[0;32m  OK  [0m] Reached target Local File Systems (Pre).
[[0;32m  OK  [0m] Reached target Local File Systems.
         Starting Set console font and keymap...
         Starting Initial cloud-init job (pre-networking)...
         Starting LSB: AppArmor initialization...
         Starting Create Volatile Files and Directories...
         Starting Tell Plymouth To Write Out Runtime Data...
[[0;32m  OK  [0m] Started udev Kernel Device Manager.
[[0;32m  OK  [0m] Started Dispatch Password Requests to Console Directory Watch.
[[0;32m  OK  [0m] Started Create Volatile Files and Directories.
         Starting Update UTMP about System Boot/Shutdown...
[[0;32m  OK  [0m] Started Tell Plymouth To Write Out Runtime Data.
[[0;32m  OK  [0m] Started Update UTMP about System Boot/Shutdown.
[[0;32m  OK  [0m] Found device /dev/ttyS0.
[[0;32m  OK  [0m] Listening on Load/Save RF Kill Switch Status /dev/rfkill Watch.
[[0;32m  OK  [0m] Found device 82540EM Gigabit Ethern...r (PRO/1000 MT Desktop Adapter).
[[0;32m  OK  [0m] Started Set console font and keymap.
[[0;32m  OK  [0m] Created slice system-getty.slice.
[[0;32m  OK  [0m] Started LSB: AppArmor initialization.
[   15.294760] cloud-init[473]: Cloud-init v. 19.4-33-gbb4131a2-0ubuntu1~16.04.1 running 'init-local' at Tue, 05 May 2020 07:18:11 +0000. Up 14.74 seconds.
[[0;32m  OK  [0m] Started Initial cloud-init job (pre-networking).
[[0;32m  OK  [0m] Reached target Network (Pre).
         Starting Raise network interfaces...
[[0;32m  OK  [0m] Started ifup for enp0s3.
[[0;32m  OK  [0m] Started Raise network interfaces.
[[0;32m  OK  [0m] Reached target Network.
         Starting Initial cloud-init job (metadata service crawler)...
[   17.545446] cloud-init[996]: Cloud-init v. 19.4-33-gbb4131a2-0ubuntu1~16.04.1 running 'init' at Tue, 05 May 2020 07:18:13 +0000. Up 15.88 seconds.
[   17.548067] cloud-init[996]: ci-info: ++++++++++++++++++++++++++++++++++++++Net device info++++++++++++++++++++++++++++++++++++++
[   17.550597] cloud-init[996]: ci-info: +--------+------+----------------------------+---------------+--------+-------------------+
[   17.553094] cloud-init[996]: ci-info: | Device |  Up  |          Address           |      Mask     | Scope  |     Hw-Address    |
[   17.555573] cloud-init[996]: ci-info: +--------+------+----------------------------+---------------+--------+-------------------+
[   17.558051] cloud-init[996]: ci-info: | enp0s3 | True |         10.0.2.15          | 255.255.255.0 | global | 02:89:d0:e0:cd:77 |
[   17.568584] cloud-init[996]: ci-info: | enp0s3 | True | fe80::89:d0ff:fee0:cd77/64 |       .       |  link  | 02:89:d0:e0:cd:77 |
[   17.576891] cloud-init[996]: ci-info: |   lo   | True |         127.0.0.1          |   255.0.0.0   |  host  |         .         |
[   17.580074] cloud-init[996]: ci-info: |   lo   | True |          ::1/128           |       .       |  host  |         .         |
[   17.582225] cloud-init[996]: ci-info: +--------+------+----------------------------+---------------+--------+-------------------+
[   17.584377] cloud-init[996]: ci-info: +++++++++++++++++++++++++++Route IPv4 info++++++++++++++++++++++++++++
[   17.586235] cloud-init[996]: ci-info: +-------+-------------+----------+---------------+-----------+-------+
[[0;32m  OK  [0m] Started Initial cloud-init job (metadata service crawler).
[[0;32m  OK  [0m] Reached target System Initialization.
[   17.589340] cloud-init[996]: ci-info: | Route | Destination | Gateway  |    Genmask    | Interface | Flags |
[   17.599068] cloud-init[996]: ci-info: +-------+-------------+----------+---------------+-----------+-------+
[   17.599877] cloud-init[996]: ci-info: |   0   |   0.0.0.0   | 10.0.2.2 |    0.0.0.0    |   enp0s3  |   UG  |
[   17.601074] cloud-init[996]: ci-info: |   1   |   10.0.2.0  | 0.0.0.0  | 255.255.255.0 |   enp0s3  |   U   |
[   17.602822] cloud-init[996]: ci-info: +-------+-------------+----------+---------------+-----------+-------+
[   17.613120] cloud-init[996]: ci-info: +++++++++++++++++++Route IPv6 info+++++++++++++++++++
[   17.636427] cloud-init[996]: ci-info: +-------+-------------+---------+-----------+-------+
[   17.639869] cloud-init[996]: ci-info: | Route | Destination | Gateway | Interface | Flags |
[[0;32m  OK  [0m] Started Message of the Day.
[   17.724121] cloud-init[[0;32m  OK  [0m] Listening on ACPID Listen Socket.
[[0;32m  OK  [0m] Started Daily apt download activities.
[996]: ci-info: +-------+-------------+---------+-----------+-------+
[   17.735536] cloud-init[996]: ci-info: |   0   |  fe80::/64  |    ::   |   enp0s3  |   U   |
[[0;32m  OK  [0m] Started Daily apt upgrade and clean activities.
[[0;32m  OK  [0m] Started Daily Cleanup of Temporary Directories.
[   17.771907] cloud-init[996]: ci-info: |   3   |   ff00::/8  |    ::   |   enp0s3  |   U   |
         Starting Socket activation for snappy daemon.
[   17.774469] cloud-init[996]: ci-info: +-------+-------------+---------+-----------+-------+
[[0;32m  OK  [0m] Listening on D-Bus System Message Bus Socket.
[[0;32m  OK  [0m] Listening on UUID daemon activation socket.
[[0;32m  OK  [0m] Started Clean PHP session files every 30 mins.
         Starting LXD - unix socket.
[[0;32m  OK  [0m] Reached target Timers.
[[0;32m  OK  [0m] Started ACPI Events Check.
[[0;32m  OK  [0m] Reached target Paths.
[[0;32m  OK  [0m] Reached target Network is Online.
         Starting iSCSI initiator daemon (iscsid)...
[[0;32m  OK  [0m] Reached target Cloud-config availability.
[[0;32m  OK  [0m] Listening on Socket activation for snappy daemon.
[[0;32m  OK  [0m] Listening on LXD - unix socket.
[[0;32m  OK  [0m] Reached target Sockets.
[[0;32m  OK  [0m] Reached target Basic System.
         Starting The PHP 7.2 FastCGI Process Manager...
         Starting Accounts Service...
[[0;32m  OK  [0m] Started ACPI event daemon.
         Starting Virtualbox guest utils...
         Starting Login Service...
         Starting /etc/rc.local Compatibility...
         Starting LSB: MD monitoring daemon...
[[0;32m  OK  [0m] Started Regular background program processing daemon.
         Starting LSB: Record successful boot for GRUB...
[[0;32m  OK  [0m] Started Deferred execution scheduler.
         Starting Clean php session files...
         Starting LXD - container startup/shutdown...
         Starting Snappy daemon...
[[0;32m  OK  [0m] Started FUSE filesystem for LXC.
         Starting OpenBSD Secure Shell server...
[[0;32m  OK  [0m] Started D-Bus System Message Bus.
         Starting System Logging Service...
[[0;32m  OK  [0m] Started /etc/rc.local Compatibility.
[[0;32m  OK  [0m] Started Login Service.
[[0;32m  OK  [0m] Started Unattended Upgrades Shutdown.
[[0;32m  OK  [0m] Started OpenBSD Secure Shell server.
[[0;32m  OK  [0m] Started iSCSI initiator daemon (iscsid).
         Starting Login to default iSCSI targets...
[[0;32m  OK  [0m] Started Login to default iSCSI targets.
[[0;32m  OK  [0m] Reached target Remote File Systems (Pre).
[[0;32m  OK  [0m] Reached target Remote File Systems.
         Starting Permit User Sessions...
         Starting LSB: daemon to balance interrupts for SMP systems...
         Starting LSB: Set the CPU Frequency Scaling governor to "ondemand"...
         Starting LSB: automatic crash report generation...
[[0;32m  OK  [0m] Started LSB: Set the CPU Frequency Scaling governor to "ondemand".
[[0;32m  OK  [0m] Started LSB: Record successful boot for GRUB.
[[0;32m  OK  [0m] Started LSB: MD monitoring daemon.
[[0;32m  OK  [0m] Started Permit User Sessions.
         Starting Hold until boot process finishes up...
         Starting Terminate Plymouth Boot Screen...
[[0;32m  OK  [0m] Started Hold until boot process finishes up.
[[0;32m  OK  [0m] Started Terminate Plymouth Boot Screen.
[[0;32m  OK  [0m] Started Getty on tty1.
         Starting Set console scheme...
[[0;32m  OK  [0m] Started Serial Getty on ttyS0.
[[0;32m  OK  [0m] Reached target Login Prompts.
[[0;32m  OK  [0m] Started System Logging Service.
[[0;32m  OK  [0m] Started Set console scheme.
[[0;32m  OK  [0m] Started LSB: daemon to balance interrupts for SMP systems.
         Starting Authenticate and Authorize Users to Run Privileged Tasks...
[[0;32m  OK  [0m] Started LSB: automatic crash report generation.
[[0;32m  OK  [0m] Started Virtualbox guest utils.
[[0;32m  OK  [0m] Started Authenticate and Authorize Users to Run Privileged Tasks.
[[0;32m  OK  [0m] Started Accounts Service.
[[0;32m  OK  [0m] Started LXD - container startup/shutdown.
[[0;32m  OK  [0m] Created slice User Slice of vagrant.
         Starting User Manager for UID 1000...
[[0;32m  OK  [0m] Started Session 1 of user vagrant.
[[0;32m  OK  [0m] Started User Manager for UID 1000.
[[0;32m  OK  [0m] Started Snappy daemon.
         Starting Wait until snapd is fully seeded...
[[0;32m  OK  [0m] Started Clean php session files.
[[0;32m  OK  [0m] Started Wait until snapd is fully seeded.
         Starting Apply the settings specified in cloud-config...
[[0;32m  OK  [0m] Started The PHP 7.2 FastCGI Process Manager.
[[0;32m  OK  [0m] Reached target Multi-User System.
[[0;32m  OK  [0m] Reached target Graphical Interface.
         Starting Update UTMP about System Runlevel Changes...
[[0;32m  OK  [0m] Started Update UTMP about System Runlevel Changes.
[   23.122989] cloud-init[1334]: Cloud-init v. 19.4-33-gbb4131a2-0ubuntu1~16.04.1 running 'modules:config' at Tue, 05 May 2020 07:18:20 +0000. Up 22.94 seconds.
[[0;32m  OK  [0m] Started Apply the settings specified in cloud-config.
         Starting Execute cloud user/final scripts...
[   23.599035] cloud-init[1395]: Cloud-init v. 19.4-33-gbb4131a2-0ubuntu1~16.04.1 running 'modules:final' at Tue, 05 May 2020 07:18:20 +0000. Up 23.49 seconds.
[   23.601437] cloud-init[1395]: Cloud-init v. 19.4-33-gbb4131a2-0ubuntu1~16.04.1 finished at Tue, 05 May 2020 07:18:20 +0000. Datasource DataSourceNoCloud [seed=/dev/sdb][dsmode=net].  Up 23.59 seconds
[[0;32m  OK  [0m] Started Execute cloud user/final scripts.
         Starting Daily apt download activities...
[[0;32m  OK  [0m] Reached target Cloud-init target.

Ubuntu 16.04.6 LTS ubuntu-xenial ttyS0

ubuntu-xenial login: 